Flow report for lg_highlevel
Wed Apr 15 15:06:06 2015
Quartus II 32-bit Version 13.0.1 Build 232 06/12/2013 Service Pack 1 SJ Web Edition


---------------------
; Table of Contents ;
---------------------
  1. Legal Notice
  2. Flow Summary
  3. Flow Settings
  4. Flow Non-Default Global Settings
  5. Flow Elapsed Time
  6. Flow OS Summary
  7. Flow Log
  8. Flow Messages
  9. Flow Suppressed Messages



----------------
; Legal Notice ;
----------------
Copyright (C) 1991-2013 Altera Corporation
Your use of Altera Corporation's design tools, logic functions 
and other software and tools, and its AMPP partner logic 
functions, and any output files from any of the foregoing 
(including device programming or simulation files), and any 
associated documentation or information are expressly subject 
to the terms and conditions of the Altera Program License 
Subscription Agreement, Altera MegaCore Function License 
Agreement, or other applicable license agreement, including, 
without limitation, that your use is for the sole purpose of 
programming logic devices manufactured by Altera and sold by 
Altera or its authorized distributors.  Please refer to the 
applicable agreement for further details.



+--------------------------------------------------------------------------------------+
; Flow Summary                                                                         ;
+------------------------------------+-------------------------------------------------+
; Flow Status                        ; Successful - Wed Apr 15 15:06:06 2015           ;
; Quartus II 32-bit Version          ; 13.0.1 Build 232 06/12/2013 SP 1 SJ Web Edition ;
; Revision Name                      ; lg_highlevel                                    ;
; Top-level Entity Name              ; lg_highlevel                                    ;
; Family                             ; Cyclone II                                      ;
; Device                             ; EP2C20F484C7                                    ;
; Timing Models                      ; Final                                           ;
; Total logic elements               ; 1,498 / 18,752 ( 8 % )                          ;
;     Total combinational functions  ; 1,343 / 18,752 ( 7 % )                          ;
;     Dedicated logic registers      ; 691 / 18,752 ( 4 % )                            ;
; Total registers                    ; 691                                             ;
; Total pins                         ; 116 / 315 ( 37 % )                              ;
; Total virtual pins                 ; 0                                               ;
; Total memory bits                  ; 1,024 / 239,616 ( < 1 % )                       ;
; Embedded Multiplier 9-bit elements ; 0 / 52 ( 0 % )                                  ;
; Total PLLs                         ; 1 / 4 ( 25 % )                                  ;
+------------------------------------+-------------------------------------------------+


+-----------------------------------------+
; Flow Settings                           ;
+-------------------+---------------------+
; Option            ; Setting             ;
+-------------------+---------------------+
; Start date & time ; 04/15/2015 15:05:23 ;
; Main task         ; Compilation         ;
; Revision Name     ; lg_highlevel        ;
+-------------------+---------------------+


+-------------------------------------------------------------------------------------------------------------------------------+
; Flow Non-Default Global Settings                                                                                              ;
+----------------------------------------+---------------------------------------+---------------+-------------+----------------+
; Assignment Name                        ; Value                                 ; Default Value ; Entity Name ; Section Id     ;
+----------------------------------------+---------------------------------------+---------------+-------------+----------------+
; COMPILER_SIGNATURE_ID                  ; 121369298120.142912472203460          ; --            ; --          ; --             ;
; EDA_DESIGN_INSTANCE_NAME               ; NA                                    ; --            ; --          ; my_testbench   ;
; EDA_NATIVELINK_SIMULATION_SETUP_SCRIPT ; simulation/modelsim/my_custom_view.do ; --            ; --          ; eda_simulation ;
; EDA_NATIVELINK_SIMULATION_TEST_BENCH   ; my_testbench                          ; --            ; --          ; eda_simulation ;
; EDA_NETLIST_WRITER_OUTPUT_DIR          ; simulation/modelsim                   ; --            ; --          ; eda_simulation ;
; EDA_OUTPUT_DATA_FORMAT                 ; Verilog Hdl                           ; --            ; --          ; eda_simulation ;
; EDA_SIMULATION_TOOL                    ; ModelSim-Altera (Verilog)             ; <None>        ; --          ; --             ;
; EDA_TEST_BENCH_ENABLE_STATUS           ; TEST_BENCH_MODE                       ; --            ; --          ; eda_simulation ;
; EDA_TEST_BENCH_FILE                    ; lg_highlevel.v                        ; --            ; --          ; my_testbench   ;
; EDA_TEST_BENCH_MODULE_NAME             ; lg_highlevel                          ; --            ; --          ; my_testbench   ;
; EDA_TEST_BENCH_NAME                    ; my_testbench                          ; --            ; --          ; eda_simulation ;
; EDA_TIME_SCALE                         ; 1 ps                                  ; --            ; --          ; eda_simulation ;
; IP_TOOL_NAME                           ; ALTPLL                                ; --            ; --          ; --             ;
; IP_TOOL_VERSION                        ; 12.1                                  ; --            ; --          ; --             ;
; MAX_CORE_JUNCTION_TEMP                 ; 85                                    ; --            ; --          ; --             ;
; MIN_CORE_JUNCTION_TEMP                 ; 0                                     ; --            ; --          ; --             ;
; MISC_FILE                              ; pll_bb.v                              ; --            ; --          ; --             ;
; MISC_FILE                              ; pll.ppf                               ; --            ; --          ; --             ;
; PARTITION_COLOR                        ; 16764057                              ; --            ; --          ; Top            ;
; PARTITION_FITTER_PRESERVATION_LEVEL    ; PLACEMENT_AND_ROUTING                 ; --            ; --          ; Top            ;
; PARTITION_NETLIST_TYPE                 ; SOURCE                                ; --            ; --          ; Top            ;
; POWER_BOARD_THERMAL_MODEL              ; None (CONSERVATIVE)                   ; --            ; --          ; --             ;
; POWER_PRESET_COOLING_SOLUTION          ; 23 MM HEAT SINK WITH 200 LFPM AIRFLOW ; --            ; --          ; --             ;
; PROJECT_OUTPUT_DIRECTORY               ; output_files                          ; --            ; --          ; --             ;
; SEARCH_PATH                            ; simulation/modelsim/                  ; --            ; --          ; --             ;
+----------------------------------------+---------------------------------------+---------------+-------------+----------------+


+-------------------------------------------------------------------------------------------------------------------------------+
; Flow Elapsed Time                                                                                                             ;
+---------------------------+--------------+-------------------------+---------------------+------------------------------------+
; Module Name               ; Elapsed Time ; Average Processors Used ; Peak Virtual Memory ; Total CPU Time (on all processors) ;
+---------------------------+--------------+-------------------------+---------------------+------------------------------------+
; Analysis & Synthesis      ; 00:00:10     ; 1.0                     ; 353 MB              ; 00:00:10                           ;
; Fitter                    ; 00:00:22     ; 1.0                     ; 457 MB              ; 00:00:21                           ;
; Assembler                 ; 00:00:02     ; 1.0                     ; 352 MB              ; 00:00:02                           ;
; TimeQuest Timing Analyzer ; 00:00:02     ; 1.0                     ; 325 MB              ; 00:00:02                           ;
; EDA Netlist Writer        ; 00:00:02     ; 1.0                     ; 323 MB              ; 00:00:02                           ;
; Total                     ; 00:00:38     ; --                      ; --                  ; 00:00:37                           ;
+---------------------------+--------------+-------------------------+---------------------+------------------------------------+


+----------------------------------------------------------------------------------------+
; Flow OS Summary                                                                        ;
+---------------------------+------------------+-----------+------------+----------------+
; Module Name               ; Machine Hostname ; OS Name   ; OS Version ; Processor type ;
+---------------------------+------------------+-----------+------------+----------------+
; Analysis & Synthesis      ; PARTHSEHGAL80C6  ; Windows 7 ; 6.1        ; i686           ;
; Fitter                    ; PARTHSEHGAL80C6  ; Windows 7 ; 6.1        ; i686           ;
; Assembler                 ; PARTHSEHGAL80C6  ; Windows 7 ; 6.1        ; i686           ;
; TimeQuest Timing Analyzer ; PARTHSEHGAL80C6  ; Windows 7 ; 6.1        ; i686           ;
; EDA Netlist Writer        ; PARTHSEHGAL80C6  ; Windows 7 ; 6.1        ; i686           ;
+---------------------------+------------------+-----------+------------+----------------+


------------
; Flow Log ;
------------
quartus_map --read_settings_files=on --write_settings_files=off lg_highlevel -c lg_highlevel
quartus_fit --read_settings_files=off --write_settings_files=off lg_highlevel -c lg_highlevel
quartus_asm --read_settings_files=off --write_settings_files=off lg_highlevel -c lg_highlevel
quartus_sta lg_highlevel -c lg_highlevel
quartus_eda --read_settings_files=off --write_settings_files=off lg_highlevel -c lg_highlevel



